2020-05-22 10:37:24.097  INFO 11060 --- [restartedMain] com.orc.demo.DemoApplication             : Starting DemoApplication on orckid with PID 11060 (D:\zcq\java\code\demo\target\classes started by orckid in D:\zcq\java\code\demo)
2020-05-22 10:37:24.113  INFO 11060 --- [restartedMain] com.orc.demo.DemoApplication             : No active profile set, falling back to default profiles: default
2020-05-22 10:37:24.144  INFO 11060 --- [restartedMain] .e.DevToolsPropertyDefaultsPostProcessor : Devtools property defaults active! Set 'spring.devtools.add-properties' to 'false' to disable
2020-05-22 10:37:24.144  INFO 11060 --- [restartedMain] .e.DevToolsPropertyDefaultsPostProcessor : For additional web related logging consider setting the 'logging.level.web' property to 'DEBUG'
2020-05-22 10:37:24.503  INFO 11060 --- [restartedMain] .s.d.r.c.RepositoryConfigurationDelegate : Multiple Spring Data modules found, entering strict repository configuration mode!
2020-05-22 10:37:24.503  INFO 11060 --- [restartedMain] .s.d.r.c.RepositoryConfigurationDelegate : Bootstrapping Spring Data Redis repositories in DEFAULT mode.
2020-05-22 10:37:24.519  INFO 11060 --- [restartedMain] .s.d.r.c.RepositoryConfigurationDelegate : Finished Spring Data repository scanning in 8ms. Found 0 Redis repository interfaces.
2020-05-22 10:37:24.691  INFO 11060 --- [restartedMain] trationDelegate$BeanPostProcessorChecker : Bean 'asyncConfig' of type [com.orc.demo.util.asyn.AsyncConfig$$EnhancerBySpringCGLIB$$57ec973a] is not eligible for getting processed by all BeanPostProcessors (for example: not eligible for auto-proxying)
2020-05-22 10:37:24.738  INFO 11060 --- [restartedMain] trationDelegate$BeanPostProcessorChecker : Bean 'org.springframework.transaction.annotation.ProxyTransactionManagementConfiguration' of type [org.springframework.transaction.annotation.ProxyTransactionManagementConfiguration] is not eligible for getting processed by all BeanPostProcessors (for example: not eligible for auto-proxying)
2020-05-22 10:37:24.989  INFO 11060 --- [restartedMain] o.s.b.w.embedded.tomcat.TomcatWebServer  : Tomcat initialized with port(s): 8081 (http)
2020-05-22 10:37:24.989  INFO 11060 --- [restartedMain] o.apache.catalina.core.StandardService   : Starting service [Tomcat]
2020-05-22 10:37:24.989  INFO 11060 --- [restartedMain] org.apache.catalina.core.StandardEngine  : Starting Servlet engine: [Apache Tomcat/9.0.30]
2020-05-22 10:37:25.051  INFO 11060 --- [restartedMain] o.a.c.c.C.[Tomcat].[localhost].[/]       : Initializing Spring embedded WebApplicationContext
2020-05-22 10:37:25.051  INFO 11060 --- [restartedMain] o.s.web.context.ContextLoader            : Root WebApplicationContext: initialization completed in 907 ms
2020-05-22 10:37:25.555  INFO 11060 --- [restartedMain] o.s.s.concurrent.ThreadPoolTaskExecutor  : Initializing ExecutorService 'applicationTaskExecutor'
2020-05-22 10:37:25.836  INFO 11060 --- [restartedMain] o.s.s.c.ThreadPoolTaskScheduler          : Initializing ExecutorService 'taskScheduler'
2020-05-22 10:37:25.868  INFO 11060 --- [restartedMain] o.s.b.d.a.OptionalLiveReloadServer       : LiveReload server is running on port 35729
2020-05-22 10:37:25.915  INFO 11060 --- [restartedMain] o.s.b.w.embedded.tomcat.TomcatWebServer  : Tomcat started on port(s): 8081 (http) with context path ''
2020-05-22 10:37:25.915  INFO 11060 --- [restartedMain] com.orc.demo.DemoApplication             : Started DemoApplication in 2.001 seconds (JVM running for 2.68)
2020-05-22 10:37:30.105  INFO 11060 --- [http-nio-8081-exec-1] o.a.c.c.C.[Tomcat].[localhost].[/]       : Initializing Spring DispatcherServlet 'dispatcherServlet'
2020-05-22 10:37:30.105  INFO 11060 --- [http-nio-8081-exec-1] o.s.web.servlet.DispatcherServlet        : Initializing Servlet 'dispatcherServlet'
2020-05-22 10:37:30.110  INFO 11060 --- [http-nio-8081-exec-1] o.s.web.servlet.DispatcherServlet        : Completed initialization in 5 ms
2020-05-22 10:37:30.130  INFO 11060 --- [http-nio-8081-exec-1] com.orc.demo.controller.UserController   : 添加用户
2020-05-22 10:37:30.152  INFO 11060 --- [http-nio-8081-exec-1] com.alibaba.druid.pool.DruidDataSource   : {dataSource-1} inited
2020-05-22 10:37:30.309  INFO 11060 --- [http-nio-8081-exec-1] c.orc.demo.service.impl.UserServiceImpl  : service开始查找用户
2020-05-22 10:37:30.310  INFO 11060 --- [http-nio-8081-exec-1] c.orc.demo.service.impl.UserServiceImpl  : query>>service方法当前请求的线程名称为：http-nio-8081-exec-1
2020-05-22 10:37:30.356  INFO 11060 --- [http-nio-8081-exec-1] com.orc.demo.util.aop.WebAspect          : 方法执行完成, 方法：add, 参数：[hxx]
2020-05-22 10:37:30.356  INFO 11060 --- [http-nio-8081-exec-1] com.orc.demo.util.aop.WebAspect          : AOP获取注解成功，方法名称：add. 传参：hxx. 注解值：添加用户. 类型：添加. 返回值：添加失败，用户名已存在，请重新添加！
2020-05-22 10:46:49.150  INFO 17028 --- [restartedMain] com.orc.demo.DemoApplication             : Starting DemoApplication on orckid with PID 17028 (D:\zcq\java\code\demo\target\classes started by orckid in D:\zcq\java\code\demo)
2020-05-22 10:46:49.150  INFO 17028 --- [restartedMain] com.orc.demo.DemoApplication             : No active profile set, falling back to default profiles: default
2020-05-22 10:46:49.181  INFO 17028 --- [restartedMain] .e.DevToolsPropertyDefaultsPostProcessor : Devtools property defaults active! Set 'spring.devtools.add-properties' to 'false' to disable
2020-05-22 10:46:49.181  INFO 17028 --- [restartedMain] .e.DevToolsPropertyDefaultsPostProcessor : For additional web related logging consider setting the 'logging.level.web' property to 'DEBUG'
2020-05-22 10:46:49.556  INFO 17028 --- [restartedMain] .s.d.r.c.RepositoryConfigurationDelegate : Multiple Spring Data modules found, entering strict repository configuration mode!
2020-05-22 10:46:49.556  INFO 17028 --- [restartedMain] .s.d.r.c.RepositoryConfigurationDelegate : Bootstrapping Spring Data Redis repositories in DEFAULT mode.
2020-05-22 10:46:49.571  INFO 17028 --- [restartedMain] .s.d.r.c.RepositoryConfigurationDelegate : Finished Spring Data repository scanning in 8ms. Found 0 Redis repository interfaces.
2020-05-22 10:46:49.728  INFO 17028 --- [restartedMain] trationDelegate$BeanPostProcessorChecker : Bean 'asyncConfig' of type [com.orc.demo.util.asyn.AsyncConfig$$EnhancerBySpringCGLIB$$aab2486d] is not eligible for getting processed by all BeanPostProcessors (for example: not eligible for auto-proxying)
2020-05-22 10:46:49.790  INFO 17028 --- [restartedMain] trationDelegate$BeanPostProcessorChecker : Bean 'org.springframework.transaction.annotation.ProxyTransactionManagementConfiguration' of type [org.springframework.transaction.annotation.ProxyTransactionManagementConfiguration] is not eligible for getting processed by all BeanPostProcessors (for example: not eligible for auto-proxying)
2020-05-22 10:46:50.040  INFO 17028 --- [restartedMain] o.s.b.w.embedded.tomcat.TomcatWebServer  : Tomcat initialized with port(s): 8081 (http)
2020-05-22 10:46:50.040  INFO 17028 --- [restartedMain] o.apache.catalina.core.StandardService   : Starting service [Tomcat]
2020-05-22 10:46:50.040  INFO 17028 --- [restartedMain] org.apache.catalina.core.StandardEngine  : Starting Servlet engine: [Apache Tomcat/9.0.30]
2020-05-22 10:46:50.087  INFO 17028 --- [restartedMain] o.a.c.c.C.[Tomcat].[localhost].[/]       : Initializing Spring embedded WebApplicationContext
2020-05-22 10:46:50.087  INFO 17028 --- [restartedMain] o.s.web.context.ContextLoader            : Root WebApplicationContext: initialization completed in 906 ms
2020-05-22 10:46:50.602  INFO 17028 --- [restartedMain] o.s.s.concurrent.ThreadPoolTaskExecutor  : Initializing ExecutorService 'applicationTaskExecutor'
2020-05-22 10:46:50.886  INFO 17028 --- [restartedMain] o.s.s.c.ThreadPoolTaskScheduler          : Initializing ExecutorService 'taskScheduler'
2020-05-22 10:46:50.917  INFO 17028 --- [restartedMain] o.s.b.d.a.OptionalLiveReloadServer       : LiveReload server is running on port 35729
2020-05-22 10:46:50.949  INFO 17028 --- [restartedMain] o.s.b.w.embedded.tomcat.TomcatWebServer  : Tomcat started on port(s): 8081 (http) with context path ''
2020-05-22 10:46:50.949  INFO 17028 --- [restartedMain] com.orc.demo.DemoApplication             : Started DemoApplication in 2.0 seconds (JVM running for 2.671)
2020-05-22 10:47:56.916  INFO 1348 --- [restartedMain] com.orc.demo.DemoApplication             : Starting DemoApplication on orckid with PID 1348 (D:\zcq\java\code\demo\target\classes started by orckid in D:\zcq\java\code\demo)
2020-05-22 10:47:56.916  INFO 1348 --- [restartedMain] com.orc.demo.DemoApplication             : No active profile set, falling back to default profiles: default
2020-05-22 10:47:56.962  INFO 1348 --- [restartedMain] .e.DevToolsPropertyDefaultsPostProcessor : Devtools property defaults active! Set 'spring.devtools.add-properties' to 'false' to disable
2020-05-22 10:47:56.962  INFO 1348 --- [restartedMain] .e.DevToolsPropertyDefaultsPostProcessor : For additional web related logging consider setting the 'logging.level.web' property to 'DEBUG'
2020-05-22 10:47:57.322  INFO 1348 --- [restartedMain] .s.d.r.c.RepositoryConfigurationDelegate : Multiple Spring Data modules found, entering strict repository configuration mode!
2020-05-22 10:47:57.322  INFO 1348 --- [restartedMain] .s.d.r.c.RepositoryConfigurationDelegate : Bootstrapping Spring Data Redis repositories in DEFAULT mode.
2020-05-22 10:47:57.337  INFO 1348 --- [restartedMain] .s.d.r.c.RepositoryConfigurationDelegate : Finished Spring Data repository scanning in 8ms. Found 0 Redis repository interfaces.
2020-05-22 10:47:57.509  INFO 1348 --- [restartedMain] trationDelegate$BeanPostProcessorChecker : Bean 'asyncConfig' of type [com.orc.demo.util.asyn.AsyncConfig$$EnhancerBySpringCGLIB$$b68d86c2] is not eligible for getting processed by all BeanPostProcessors (for example: not eligible for auto-proxying)
2020-05-22 10:47:57.556  INFO 1348 --- [restartedMain] trationDelegate$BeanPostProcessorChecker : Bean 'org.springframework.transaction.annotation.ProxyTransactionManagementConfiguration' of type [org.springframework.transaction.annotation.ProxyTransactionManagementConfiguration] is not eligible for getting processed by all BeanPostProcessors (for example: not eligible for auto-proxying)
2020-05-22 10:47:57.822  INFO 1348 --- [restartedMain] o.s.b.w.embedded.tomcat.TomcatWebServer  : Tomcat initialized with port(s): 8081 (http)
2020-05-22 10:47:57.822  INFO 1348 --- [restartedMain] o.apache.catalina.core.StandardService   : Starting service [Tomcat]
2020-05-22 10:47:57.822  INFO 1348 --- [restartedMain] org.apache.catalina.core.StandardEngine  : Starting Servlet engine: [Apache Tomcat/9.0.30]
2020-05-22 10:47:57.884  INFO 1348 --- [restartedMain] o.a.c.c.C.[Tomcat].[localhost].[/]       : Initializing Spring embedded WebApplicationContext
2020-05-22 10:47:57.884  INFO 1348 --- [restartedMain] o.s.web.context.ContextLoader            : Root WebApplicationContext: initialization completed in 922 ms
2020-05-22 10:47:58.433  INFO 1348 --- [restartedMain] o.s.s.concurrent.ThreadPoolTaskExecutor  : Initializing ExecutorService 'applicationTaskExecutor'
2020-05-22 10:47:58.730  INFO 1348 --- [restartedMain] o.s.s.c.ThreadPoolTaskScheduler          : Initializing ExecutorService 'taskScheduler'
2020-05-22 10:47:58.761  INFO 1348 --- [restartedMain] o.s.b.d.a.OptionalLiveReloadServer       : LiveReload server is running on port 35729
2020-05-22 10:47:58.793  INFO 1348 --- [restartedMain] o.s.b.w.embedded.tomcat.TomcatWebServer  : Tomcat started on port(s): 8081 (http) with context path ''
2020-05-22 10:47:58.808  INFO 1348 --- [restartedMain] com.orc.demo.DemoApplication             : Started DemoApplication in 2.078 seconds (JVM running for 2.754)
2020-05-22 10:48:11.535  INFO 1348 --- [http-nio-8081-exec-1] o.a.c.c.C.[Tomcat].[localhost].[/]       : Initializing Spring DispatcherServlet 'dispatcherServlet'
2020-05-22 10:48:11.536  INFO 1348 --- [http-nio-8081-exec-1] o.s.web.servlet.DispatcherServlet        : Initializing Servlet 'dispatcherServlet'
2020-05-22 10:48:11.541  INFO 1348 --- [http-nio-8081-exec-1] o.s.web.servlet.DispatcherServlet        : Completed initialization in 5 ms
2020-05-22 10:48:11.547  INFO 1348 --- [http-nio-8081-exec-1] c.o.d.util.interceptor.AutoInterceptor   : interceptor...,method:public java.lang.String com.orc.demo.controller.UserController.add(java.lang.String)
2020-05-22 10:48:11.561  INFO 1348 --- [http-nio-8081-exec-1] com.orc.demo.controller.UserController   : 添加用户
2020-05-22 10:48:11.582  INFO 1348 --- [http-nio-8081-exec-1] com.alibaba.druid.pool.DruidDataSource   : {dataSource-1} inited
2020-05-22 10:48:11.737  INFO 1348 --- [http-nio-8081-exec-1] c.orc.demo.service.impl.UserServiceImpl  : service开始查找用户
2020-05-22 10:48:11.737  INFO 1348 --- [http-nio-8081-exec-1] c.orc.demo.service.impl.UserServiceImpl  : query>>service方法当前请求的线程名称为：http-nio-8081-exec-1
2020-05-22 10:48:11.786  INFO 1348 --- [http-nio-8081-exec-1] com.orc.demo.util.aop.WebAspect          : 方法执行完成, 方法：add, 参数：[hxx]
2020-05-22 10:48:11.786  INFO 1348 --- [http-nio-8081-exec-1] com.orc.demo.util.aop.WebAspect          : AOP获取注解成功，方法名称：add. 传参：hxx. 注解值：添加用户. 类型：添加. 返回值：添加失败，用户名已存在，请重新添加！
2020-05-22 10:49:02.755  INFO 19936 --- [restartedMain] com.orc.demo.DemoApplication             : Starting DemoApplication on orckid with PID 19936 (D:\zcq\java\code\demo\target\classes started by orckid in D:\zcq\java\code\demo)
2020-05-22 10:49:02.755  INFO 19936 --- [restartedMain] com.orc.demo.DemoApplication             : No active profile set, falling back to default profiles: default
2020-05-22 10:49:02.786  INFO 19936 --- [restartedMain] .e.DevToolsPropertyDefaultsPostProcessor : Devtools property defaults active! Set 'spring.devtools.add-properties' to 'false' to disable
2020-05-22 10:49:02.786  INFO 19936 --- [restartedMain] .e.DevToolsPropertyDefaultsPostProcessor : For additional web related logging consider setting the 'logging.level.web' property to 'DEBUG'
2020-05-22 10:49:03.161  INFO 19936 --- [restartedMain] .s.d.r.c.RepositoryConfigurationDelegate : Multiple Spring Data modules found, entering strict repository configuration mode!
2020-05-22 10:49:03.161  INFO 19936 --- [restartedMain] .s.d.r.c.RepositoryConfigurationDelegate : Bootstrapping Spring Data Redis repositories in DEFAULT mode.
2020-05-22 10:49:03.177  INFO 19936 --- [restartedMain] .s.d.r.c.RepositoryConfigurationDelegate : Finished Spring Data repository scanning in 8ms. Found 0 Redis repository interfaces.
2020-05-22 10:49:03.349  INFO 19936 --- [restartedMain] trationDelegate$BeanPostProcessorChecker : Bean 'asyncConfig' of type [com.orc.demo.util.asyn.AsyncConfig$$EnhancerBySpringCGLIB$$400e4ede] is not eligible for getting processed by all BeanPostProcessors (for example: not eligible for auto-proxying)
2020-05-22 10:49:03.395  INFO 19936 --- [restartedMain] trationDelegate$BeanPostProcessorChecker : Bean 'org.springframework.transaction.annotation.ProxyTransactionManagementConfiguration' of type [org.springframework.transaction.annotation.ProxyTransactionManagementConfiguration] is not eligible for getting processed by all BeanPostProcessors (for example: not eligible for auto-proxying)
2020-05-22 10:49:03.651  INFO 19936 --- [restartedMain] o.s.b.w.embedded.tomcat.TomcatWebServer  : Tomcat initialized with port(s): 8081 (http)
2020-05-22 10:49:03.651  INFO 19936 --- [restartedMain] o.apache.catalina.core.StandardService   : Starting service [Tomcat]
2020-05-22 10:49:03.651  INFO 19936 --- [restartedMain] org.apache.catalina.core.StandardEngine  : Starting Servlet engine: [Apache Tomcat/9.0.30]
2020-05-22 10:49:03.714  INFO 19936 --- [restartedMain] o.a.c.c.C.[Tomcat].[localhost].[/]       : Initializing Spring embedded WebApplicationContext
2020-05-22 10:49:03.714  INFO 19936 --- [restartedMain] o.s.web.context.ContextLoader            : Root WebApplicationContext: initialization completed in 928 ms
2020-05-22 10:49:04.246  INFO 19936 --- [restartedMain] o.s.s.concurrent.ThreadPoolTaskExecutor  : Initializing ExecutorService 'applicationTaskExecutor'
2020-05-22 10:49:04.545  INFO 19936 --- [restartedMain] o.s.s.c.ThreadPoolTaskScheduler          : Initializing ExecutorService 'taskScheduler'
2020-05-22 10:49:04.577  INFO 19936 --- [restartedMain] o.s.b.d.a.OptionalLiveReloadServer       : LiveReload server is running on port 35729
2020-05-22 10:49:04.608  INFO 19936 --- [restartedMain] o.s.b.w.embedded.tomcat.TomcatWebServer  : Tomcat started on port(s): 8081 (http) with context path ''
2020-05-22 10:49:04.624  INFO 19936 --- [restartedMain] com.orc.demo.DemoApplication             : Started DemoApplication in 2.07 seconds (JVM running for 2.754)
2020-05-22 10:49:08.698  INFO 19936 --- [http-nio-8081-exec-1] o.a.c.c.C.[Tomcat].[localhost].[/]       : Initializing Spring DispatcherServlet 'dispatcherServlet'
2020-05-22 10:49:08.699  INFO 19936 --- [http-nio-8081-exec-1] o.s.web.servlet.DispatcherServlet        : Initializing Servlet 'dispatcherServlet'
2020-05-22 10:49:08.705  INFO 19936 --- [http-nio-8081-exec-1] o.s.web.servlet.DispatcherServlet        : Completed initialization in 6 ms
2020-05-22 10:49:08.712  INFO 19936 --- [http-nio-8081-exec-1] c.o.d.util.interceptor.AutoInterceptor   : interceptor...,进入拦截器,method:public java.lang.String com.orc.demo.controller.UserController.add(java.lang.String)
2020-05-22 10:49:08.726  INFO 19936 --- [http-nio-8081-exec-1] com.orc.demo.controller.UserController   : 添加用户
2020-05-22 10:49:08.747  INFO 19936 --- [http-nio-8081-exec-1] com.alibaba.druid.pool.DruidDataSource   : {dataSource-1} inited
2020-05-22 10:49:08.903  INFO 19936 --- [http-nio-8081-exec-1] c.orc.demo.service.impl.UserServiceImpl  : service开始查找用户
2020-05-22 10:49:08.903  INFO 19936 --- [http-nio-8081-exec-1] c.orc.demo.service.impl.UserServiceImpl  : query>>service方法当前请求的线程名称为：http-nio-8081-exec-1
2020-05-22 10:49:08.946  INFO 19936 --- [http-nio-8081-exec-1] com.orc.demo.util.aop.WebAspect          : 方法执行完成, 方法：add, 参数：[hxx]
2020-05-22 10:49:08.947  INFO 19936 --- [http-nio-8081-exec-1] com.orc.demo.util.aop.WebAspect          : AOP获取注解成功，方法名称：add. 传参：hxx. 注解值：添加用户. 类型：添加. 返回值：添加失败，用户名已存在，请重新添加！
2020-05-22 10:49:55.772  INFO 5560 --- [restartedMain] com.orc.demo.DemoApplication             : Starting DemoApplication on orckid with PID 5560 (D:\zcq\java\code\demo\target\classes started by orckid in D:\zcq\java\code\demo)
2020-05-22 10:49:55.772  INFO 5560 --- [restartedMain] com.orc.demo.DemoApplication             : No active profile set, falling back to default profiles: default
2020-05-22 10:49:55.803  INFO 5560 --- [restartedMain] .e.DevToolsPropertyDefaultsPostProcessor : Devtools property defaults active! Set 'spring.devtools.add-properties' to 'false' to disable
2020-05-22 10:49:55.803  INFO 5560 --- [restartedMain] .e.DevToolsPropertyDefaultsPostProcessor : For additional web related logging consider setting the 'logging.level.web' property to 'DEBUG'
2020-05-22 10:49:56.181  INFO 5560 --- [restartedMain] .s.d.r.c.RepositoryConfigurationDelegate : Multiple Spring Data modules found, entering strict repository configuration mode!
2020-05-22 10:49:56.197  INFO 5560 --- [restartedMain] .s.d.r.c.RepositoryConfigurationDelegate : Bootstrapping Spring Data Redis repositories in DEFAULT mode.
2020-05-22 10:49:56.212  INFO 5560 --- [restartedMain] .s.d.r.c.RepositoryConfigurationDelegate : Finished Spring Data repository scanning in 9ms. Found 0 Redis repository interfaces.
2020-05-22 10:49:56.370  INFO 5560 --- [restartedMain] trationDelegate$BeanPostProcessorChecker : Bean 'asyncConfig' of type [com.orc.demo.util.asyn.AsyncConfig$$EnhancerBySpringCGLIB$$dcf7b288] is not eligible for getting processed by all BeanPostProcessors (for example: not eligible for auto-proxying)
2020-05-22 10:49:56.417  INFO 5560 --- [restartedMain] trationDelegate$BeanPostProcessorChecker : Bean 'org.springframework.transaction.annotation.ProxyTransactionManagementConfiguration' of type [org.springframework.transaction.annotation.ProxyTransactionManagementConfiguration] is not eligible for getting processed by all BeanPostProcessors (for example: not eligible for auto-proxying)
2020-05-22 10:49:56.682  INFO 5560 --- [restartedMain] o.s.b.w.embedded.tomcat.TomcatWebServer  : Tomcat initialized with port(s): 8081 (http)
2020-05-22 10:49:56.682  INFO 5560 --- [restartedMain] o.apache.catalina.core.StandardService   : Starting service [Tomcat]
2020-05-22 10:49:56.682  INFO 5560 --- [restartedMain] org.apache.catalina.core.StandardEngine  : Starting Servlet engine: [Apache Tomcat/9.0.30]
2020-05-22 10:49:56.745  INFO 5560 --- [restartedMain] o.a.c.c.C.[Tomcat].[localhost].[/]       : Initializing Spring embedded WebApplicationContext
2020-05-22 10:49:56.745  INFO 5560 --- [restartedMain] o.s.web.context.ContextLoader            : Root WebApplicationContext: initialization completed in 942 ms
2020-05-22 10:49:57.289  INFO 5560 --- [restartedMain] o.s.s.concurrent.ThreadPoolTaskExecutor  : Initializing ExecutorService 'applicationTaskExecutor'
2020-05-22 10:49:57.586  INFO 5560 --- [restartedMain] o.s.s.c.ThreadPoolTaskScheduler          : Initializing ExecutorService 'taskScheduler'
2020-05-22 10:49:57.621  INFO 5560 --- [restartedMain] o.s.b.d.a.OptionalLiveReloadServer       : LiveReload server is running on port 35729
2020-05-22 10:49:57.652  INFO 5560 --- [restartedMain] o.s.b.w.embedded.tomcat.TomcatWebServer  : Tomcat started on port(s): 8081 (http) with context path ''
2020-05-22 10:49:57.652  INFO 5560 --- [restartedMain] com.orc.demo.DemoApplication             : Started DemoApplication in 2.095 seconds (JVM running for 2.772)
2020-05-22 10:50:03.603  INFO 5560 --- [http-nio-8081-exec-1] o.a.c.c.C.[Tomcat].[localhost].[/]       : Initializing Spring DispatcherServlet 'dispatcherServlet'
2020-05-22 10:50:03.603  INFO 5560 --- [http-nio-8081-exec-1] o.s.web.servlet.DispatcherServlet        : Initializing Servlet 'dispatcherServlet'
2020-05-22 10:50:03.608  INFO 5560 --- [http-nio-8081-exec-1] o.s.web.servlet.DispatcherServlet        : Completed initialization in 5 ms
2020-05-22 10:50:03.615  INFO 5560 --- [http-nio-8081-exec-1] c.o.d.util.interceptor.AutoInterceptor   : interceptor...,进入拦截器,method:public java.lang.String com.orc.demo.controller.UserController.add(java.lang.String)
2020-05-22 10:50:19.739  INFO 20880 --- [restartedMain] com.orc.demo.DemoApplication             : Starting DemoApplication on orckid with PID 20880 (D:\zcq\java\code\demo\target\classes started by orckid in D:\zcq\java\code\demo)
2020-05-22 10:50:19.739  INFO 20880 --- [restartedMain] com.orc.demo.DemoApplication             : No active profile set, falling back to default profiles: default
2020-05-22 10:50:19.770  INFO 20880 --- [restartedMain] .e.DevToolsPropertyDefaultsPostProcessor : Devtools property defaults active! Set 'spring.devtools.add-properties' to 'false' to disable
2020-05-22 10:50:19.770  INFO 20880 --- [restartedMain] .e.DevToolsPropertyDefaultsPostProcessor : For additional web related logging consider setting the 'logging.level.web' property to 'DEBUG'
2020-05-22 10:50:20.145  INFO 20880 --- [restartedMain] .s.d.r.c.RepositoryConfigurationDelegate : Multiple Spring Data modules found, entering strict repository configuration mode!
2020-05-22 10:50:20.145  INFO 20880 --- [restartedMain] .s.d.r.c.RepositoryConfigurationDelegate : Bootstrapping Spring Data Redis repositories in DEFAULT mode.
2020-05-22 10:50:20.160  INFO 20880 --- [restartedMain] .s.d.r.c.RepositoryConfigurationDelegate : Finished Spring Data repository scanning in 8ms. Found 0 Redis repository interfaces.
2020-05-22 10:50:20.301  INFO 20880 --- [restartedMain] trationDelegate$BeanPostProcessorChecker : Bean 'asyncConfig' of type [com.orc.demo.util.asyn.AsyncConfig$$EnhancerBySpringCGLIB$$8ab917f1] is not eligible for getting processed by all BeanPostProcessors (for example: not eligible for auto-proxying)
2020-05-22 10:50:20.363  INFO 20880 --- [restartedMain] trationDelegate$BeanPostProcessorChecker : Bean 'org.springframework.transaction.annotation.ProxyTransactionManagementConfiguration' of type [org.springframework.transaction.annotation.ProxyTransactionManagementConfiguration] is not eligible for getting processed by all BeanPostProcessors (for example: not eligible for auto-proxying)
2020-05-22 10:50:20.629  INFO 20880 --- [restartedMain] o.s.b.w.embedded.tomcat.TomcatWebServer  : Tomcat initialized with port(s): 8081 (http)
2020-05-22 10:50:20.629  INFO 20880 --- [restartedMain] o.apache.catalina.core.StandardService   : Starting service [Tomcat]
2020-05-22 10:50:20.629  INFO 20880 --- [restartedMain] org.apache.catalina.core.StandardEngine  : Starting Servlet engine: [Apache Tomcat/9.0.30]
2020-05-22 10:50:20.677  INFO 20880 --- [restartedMain] o.a.c.c.C.[Tomcat].[localhost].[/]       : Initializing Spring embedded WebApplicationContext
2020-05-22 10:50:20.677  INFO 20880 --- [restartedMain] o.s.web.context.ContextLoader            : Root WebApplicationContext: initialization completed in 907 ms
2020-05-22 10:50:21.211  INFO 20880 --- [restartedMain] o.s.s.concurrent.ThreadPoolTaskExecutor  : Initializing ExecutorService 'applicationTaskExecutor'
2020-05-22 10:50:21.478  INFO 20880 --- [restartedMain] o.s.s.c.ThreadPoolTaskScheduler          : Initializing ExecutorService 'taskScheduler'
2020-05-22 10:50:21.509  INFO 20880 --- [restartedMain] o.s.b.d.a.OptionalLiveReloadServer       : LiveReload server is running on port 35729
2020-05-22 10:50:21.556  INFO 20880 --- [restartedMain] o.s.b.w.embedded.tomcat.TomcatWebServer  : Tomcat started on port(s): 8081 (http) with context path ''
2020-05-22 10:50:21.556  INFO 20880 --- [restartedMain] com.orc.demo.DemoApplication             : Started DemoApplication in 2.013 seconds (JVM running for 2.67)
2020-05-22 10:57:59.543  INFO 17828 --- [restartedMain] com.orc.demo.DemoApplication             : Starting DemoApplication on orckid with PID 17828 (D:\zcq\java\code\demo\target\classes started by orckid in D:\zcq\java\code\demo)
2020-05-22 10:57:59.543  INFO 17828 --- [restartedMain] com.orc.demo.DemoApplication             : No active profile set, falling back to default profiles: default
2020-05-22 10:57:59.574  INFO 17828 --- [restartedMain] .e.DevToolsPropertyDefaultsPostProcessor : Devtools property defaults active! Set 'spring.devtools.add-properties' to 'false' to disable
2020-05-22 10:57:59.574  INFO 17828 --- [restartedMain] .e.DevToolsPropertyDefaultsPostProcessor : For additional web related logging consider setting the 'logging.level.web' property to 'DEBUG'
2020-05-22 10:57:59.949  INFO 17828 --- [restartedMain] .s.d.r.c.RepositoryConfigurationDelegate : Multiple Spring Data modules found, entering strict repository configuration mode!
2020-05-22 10:57:59.949  INFO 17828 --- [restartedMain] .s.d.r.c.RepositoryConfigurationDelegate : Bootstrapping Spring Data Redis repositories in DEFAULT mode.
2020-05-22 10:57:59.965  INFO 17828 --- [restartedMain] .s.d.r.c.RepositoryConfigurationDelegate : Finished Spring Data repository scanning in 8ms. Found 0 Redis repository interfaces.
2020-05-22 10:58:00.124  INFO 17828 --- [restartedMain] trationDelegate$BeanPostProcessorChecker : Bean 'asyncConfig' of type [com.orc.demo.util.asyn.AsyncConfig$$EnhancerBySpringCGLIB$$dacdd35] is not eligible for getting processed by all BeanPostProcessors (for example: not eligible for auto-proxying)
2020-05-22 10:58:00.186  INFO 17828 --- [restartedMain] trationDelegate$BeanPostProcessorChecker : Bean 'org.springframework.transaction.annotation.ProxyTransactionManagementConfiguration' of type [org.springframework.transaction.annotation.ProxyTransactionManagementConfiguration] is not eligible for getting processed by all BeanPostProcessors (for example: not eligible for auto-proxying)
2020-05-22 10:58:00.437  INFO 17828 --- [restartedMain] o.s.b.w.embedded.tomcat.TomcatWebServer  : Tomcat initialized with port(s): 8081 (http)
2020-05-22 10:58:00.437  INFO 17828 --- [restartedMain] o.apache.catalina.core.StandardService   : Starting service [Tomcat]
2020-05-22 10:58:00.437  INFO 17828 --- [restartedMain] org.apache.catalina.core.StandardEngine  : Starting Servlet engine: [Apache Tomcat/9.0.30]
2020-05-22 10:58:00.500  INFO 17828 --- [restartedMain] o.a.c.c.C.[Tomcat].[localhost].[/]       : Initializing Spring embedded WebApplicationContext
2020-05-22 10:58:00.500  INFO 17828 --- [restartedMain] o.s.web.context.ContextLoader            : Root WebApplicationContext: initialization completed in 926 ms
2020-05-22 10:58:01.047  INFO 17828 --- [restartedMain] o.s.s.concurrent.ThreadPoolTaskExecutor  : Initializing ExecutorService 'applicationTaskExecutor'
2020-05-22 10:58:01.359  INFO 17828 --- [restartedMain] o.s.s.c.ThreadPoolTaskScheduler          : Initializing ExecutorService 'taskScheduler'
2020-05-22 10:58:01.390  INFO 17828 --- [restartedMain] o.s.b.d.a.OptionalLiveReloadServer       : LiveReload server is running on port 35729
2020-05-22 10:58:01.422  INFO 17828 --- [restartedMain] o.s.b.w.embedded.tomcat.TomcatWebServer  : Tomcat started on port(s): 8081 (http) with context path ''
2020-05-22 10:58:01.437  INFO 17828 --- [restartedMain] com.orc.demo.DemoApplication             : Started DemoApplication in 2.089 seconds (JVM running for 2.791)
2020-05-22 10:58:15.086  INFO 17828 --- [http-nio-8081-exec-1] o.a.c.c.C.[Tomcat].[localhost].[/]       : Initializing Spring DispatcherServlet 'dispatcherServlet'
2020-05-22 10:58:15.086  INFO 17828 --- [http-nio-8081-exec-1] o.s.web.servlet.DispatcherServlet        : Initializing Servlet 'dispatcherServlet'
2020-05-22 10:58:15.092  INFO 17828 --- [http-nio-8081-exec-1] o.s.web.servlet.DispatcherServlet        : Completed initialization in 6 ms
2020-05-22 10:58:15.099  INFO 17828 --- [http-nio-8081-exec-1] c.o.d.util.interceptor.AutoInterceptor   : 方法上没有注解，禁止访问....
2020-05-22 10:58:35.215  INFO 17828 --- [http-nio-8081-exec-3] com.orc.demo.controller.UserController   : 添加用户
2020-05-22 10:58:35.237  INFO 17828 --- [http-nio-8081-exec-3] com.alibaba.druid.pool.DruidDataSource   : {dataSource-1} inited
2020-05-22 10:58:35.393  INFO 17828 --- [http-nio-8081-exec-3] c.orc.demo.service.impl.UserServiceImpl  : service开始查找用户
2020-05-22 10:58:35.394  INFO 17828 --- [http-nio-8081-exec-3] c.orc.demo.service.impl.UserServiceImpl  : query>>service方法当前请求的线程名称为：http-nio-8081-exec-3
2020-05-22 10:58:35.433  INFO 17828 --- [http-nio-8081-exec-3] com.orc.demo.util.aop.WebAspect          : 方法执行完成, 方法：add, 参数：[hxx]
2020-05-22 10:58:35.433  INFO 17828 --- [http-nio-8081-exec-3] com.orc.demo.util.aop.WebAspect          : AOP获取注解成功，方法名称：add. 传参：hxx. 注解值：添加用户. 类型：添加. 返回值：添加失败，用户名已存在，请重新添加！
2020-05-22 11:04:57.391  INFO 4884 --- [restartedMain] com.orc.demo.DemoApplication             : Starting DemoApplication on orckid with PID 4884 (D:\zcq\java\code\demo\target\classes started by orckid in D:\zcq\java\code\demo)
2020-05-22 11:04:57.391  INFO 4884 --- [restartedMain] com.orc.demo.DemoApplication             : No active profile set, falling back to default profiles: default
2020-05-22 11:04:57.422  INFO 4884 --- [restartedMain] .e.DevToolsPropertyDefaultsPostProcessor : Devtools property defaults active! Set 'spring.devtools.add-properties' to 'false' to disable
2020-05-22 11:04:57.422  INFO 4884 --- [restartedMain] .e.DevToolsPropertyDefaultsPostProcessor : For additional web related logging consider setting the 'logging.level.web' property to 'DEBUG'
2020-05-22 11:04:57.798  INFO 4884 --- [restartedMain] .s.d.r.c.RepositoryConfigurationDelegate : Multiple Spring Data modules found, entering strict repository configuration mode!
2020-05-22 11:04:57.798  INFO 4884 --- [restartedMain] .s.d.r.c.RepositoryConfigurationDelegate : Bootstrapping Spring Data Redis repositories in DEFAULT mode.
2020-05-22 11:04:57.814  INFO 4884 --- [restartedMain] .s.d.r.c.RepositoryConfigurationDelegate : Finished Spring Data repository scanning in 8ms. Found 0 Redis repository interfaces.
2020-05-22 11:04:57.970  INFO 4884 --- [restartedMain] trationDelegate$BeanPostProcessorChecker : Bean 'asyncConfig' of type [com.orc.demo.util.asyn.AsyncConfig$$EnhancerBySpringCGLIB$$2bfefb7d] is not eligible for getting processed by all BeanPostProcessors (for example: not eligible for auto-proxying)
2020-05-22 11:04:58.033  INFO 4884 --- [restartedMain] trationDelegate$BeanPostProcessorChecker : Bean 'org.springframework.transaction.annotation.ProxyTransactionManagementConfiguration' of type [org.springframework.transaction.annotation.ProxyTransactionManagementConfiguration] is not eligible for getting processed by all BeanPostProcessors (for example: not eligible for auto-proxying)
2020-05-22 11:04:58.283  INFO 4884 --- [restartedMain] o.s.b.w.embedded.tomcat.TomcatWebServer  : Tomcat initialized with port(s): 8081 (http)
2020-05-22 11:04:58.283  INFO 4884 --- [restartedMain] o.apache.catalina.core.StandardService   : Starting service [Tomcat]
2020-05-22 11:04:58.283  INFO 4884 --- [restartedMain] org.apache.catalina.core.StandardEngine  : Starting Servlet engine: [Apache Tomcat/9.0.30]
2020-05-22 11:04:58.330  INFO 4884 --- [restartedMain] o.a.c.c.C.[Tomcat].[localhost].[/]       : Initializing Spring embedded WebApplicationContext
2020-05-22 11:04:58.330  INFO 4884 --- [restartedMain] o.s.web.context.ContextLoader            : Root WebApplicationContext: initialization completed in 908 ms
2020-05-22 11:04:58.862  INFO 4884 --- [restartedMain] o.s.s.concurrent.ThreadPoolTaskExecutor  : Initializing ExecutorService 'applicationTaskExecutor'
2020-05-22 11:04:59.131  INFO 4884 --- [restartedMain] o.s.s.c.ThreadPoolTaskScheduler          : Initializing ExecutorService 'taskScheduler'
2020-05-22 11:04:59.163  INFO 4884 --- [restartedMain] o.s.b.d.a.OptionalLiveReloadServer       : LiveReload server is running on port 35729
2020-05-22 11:04:59.194  INFO 4884 --- [restartedMain] o.s.b.w.embedded.tomcat.TomcatWebServer  : Tomcat started on port(s): 8081 (http) with context path ''
2020-05-22 11:04:59.209  INFO 4884 --- [restartedMain] com.orc.demo.DemoApplication             : Started DemoApplication in 2.007 seconds (JVM running for 2.697)
2020-05-22 11:05:17.117  INFO 4884 --- [http-nio-8081-exec-1] o.a.c.c.C.[Tomcat].[localhost].[/]       : Initializing Spring DispatcherServlet 'dispatcherServlet'
2020-05-22 11:05:17.117  INFO 4884 --- [http-nio-8081-exec-1] o.s.web.servlet.DispatcherServlet        : Initializing Servlet 'dispatcherServlet'
2020-05-22 11:05:17.122  INFO 4884 --- [http-nio-8081-exec-1] o.s.web.servlet.DispatcherServlet        : Completed initialization in 5 ms
2020-05-22 11:05:17.129  INFO 4884 --- [http-nio-8081-exec-1] c.o.d.util.interceptor.AutoInterceptor   : 方法上没有注解，禁止访问....
